Info: Starting: Create block symbol file (.bsf)
Info: qsys-generate C:\QNX7workspace\06CycloneV_QuartusFPGA\soc_system\soc_system.qsys --block-symbol-file --output-directory=C:\QNX7workspace\06CycloneV_QuartusFPGA\soc_system\soc_system --family="Cyclone V" --part=5CSEBA6U23I7DK
Progress: Loading soc_system/soc_system.qsys
Progress: Reading input file
Progress: Adding clk_0 [clock_source 17.0]
Progress: Parameterizing module clk_0
Progress: Adding hps_0 [altera_hps 17.0]
Progress: Parameterizing module hps_0
Progress: Adding pio_0 [altera_avalon_pio 17.0]
Progress: Parameterizing module pio_0
Progress: Adding pio_1 [altera_avalon_pio 17.0]
Progress: Parameterizing module pio_1
Progress: Adding pio_2 [altera_avalon_pio 17.0]
Progress: Parameterizing module pio_2
Progress: Adding pio_3 [altera_avalon_pio 17.0]
Progress: Parameterizing module pio_3
Progress: Building connections
Progress: Parameterizing connections
Progress: Validating
Progress: Done reading input file
Warning: soc_system.hps_0: set_interface_assignment: Interface "hps_io" does not exist
Info: soc_system.pio_1: PIO inputs are not hardwired in test bench. Undefined values will be read from PIO inputs during simulation.
Info: soc_system.pio_3: PIO inputs are not hardwired in test bench. Undefined values will be read from PIO inputs during simulation.
Info: qsys-generate succeeded.
Info: Finished: Create block symbol file (.bsf)
Info: 
Info: Starting: Create HDL design files for synthesis
Info: qsys-generate C:\QNX7workspace\06CycloneV_QuartusFPGA\soc_system\soc_system.qsys --synthesis=VERILOG --output-directory=C:\QNX7workspace\06CycloneV_QuartusFPGA\soc_system\soc_system\synthesis --family="Cyclone V" --part=5CSEBA6U23I7DK
Progress: Loading soc_system/soc_system.qsys
Progress: Reading input file
Progress: Adding clk_0 [clock_source 17.0]
Progress: Parameterizing module clk_0
Progress: Adding hps_0 [altera_hps 17.0]
Progress: Parameterizing module hps_0
Progress: Adding pio_0 [altera_avalon_pio 17.0]
Progress: Parameterizing module pio_0
Progress: Adding pio_1 [altera_avalon_pio 17.0]
Progress: Parameterizing module pio_1
Progress: Adding pio_2 [altera_avalon_pio 17.0]
Progress: Parameterizing module pio_2
Progress: Adding pio_3 [altera_avalon_pio 17.0]
Progress: Parameterizing module pio_3
Progress: Building connections
Progress: Parameterizing connections
Progress: Validating
Progress: Done reading input file
Warning: soc_system.hps_0: set_interface_assignment: Interface "hps_io" does not exist
Info: soc_system.pio_1: PIO inputs are not hardwired in test bench. Undefined values will be read from PIO inputs during simulation.
Info: soc_system.pio_3: PIO inputs are not hardwired in test bench. Undefined values will be read from PIO inputs during simulation.
Info: soc_system: Generating soc_system "soc_system" for QUARTUS_SYNTH
Info: hps_0: "Running  for module: hps_0"
Warning: hps_0: set_interface_assignment: Interface "hps_io" does not exist
Info: hps_0: "soc_system" instantiated altera_hps "hps_0"
Info: pio_0: Starting RTL generation for module 'soc_system_pio_0'
Info: pio_0:   Generation command is [exec C:/intelfpga/17.0/quartus/bin64/perl/bin/perl.exe -I C:/intelfpga/17.0/quartus/bin64/perl/lib -I C:/intelfpga/17.0/quartus/sopc_builder/bin/europa -I C:/intelfpga/17.0/quartus/sopc_builder/bin/perl_lib -I C:/intelfpga/17.0/quartus/sopc_builder/bin -I C:/intelfpga/17.0/quartus/../ip/altera/sopc_builder_ip/common -I C:/intelfpga/17.0/quartus/../ip/altera/sopc_builder_ip/altera_avalon_pio -- C:/intelfpga/17.0/quartus/../ip/altera/sopc_builder_ip/altera_avalon_pio/generate_rtl.pl --name=soc_system_pio_0 --dir=C:/Users/e47357/AppData/Local/Temp/alt7752_1001306747486783049.dir/0001_pio_0_gen/ --quartus_dir=C:/intelfpga/17.0/quartus --verilog --config=C:/Users/e47357/AppData/Local/Temp/alt7752_1001306747486783049.dir/0001_pio_0_gen//soc_system_pio_0_component_configuration.pl  --do_build_sim=0  ]
Info: pio_0: Done RTL generation for module 'soc_system_pio_0'
Info: pio_0: "soc_system" instantiated altera_avalon_pio "pio_0"
Info: pio_1: Starting RTL generation for module 'soc_system_pio_1'
Info: pio_1:   Generation command is [exec C:/intelfpga/17.0/quartus/bin64/perl/bin/perl.exe -I C:/intelfpga/17.0/quartus/bin64/perl/lib -I C:/intelfpga/17.0/quartus/sopc_builder/bin/europa -I C:/intelfpga/17.0/quartus/sopc_builder/bin/perl_lib -I C:/intelfpga/17.0/quartus/sopc_builder/bin -I C:/intelfpga/17.0/quartus/../ip/altera/sopc_builder_ip/common -I C:/intelfpga/17.0/quartus/../ip/altera/sopc_builder_ip/altera_avalon_pio -- C:/intelfpga/17.0/quartus/../ip/altera/sopc_builder_ip/altera_avalon_pio/generate_rtl.pl --name=soc_system_pio_1 --dir=C:/Users/e47357/AppData/Local/Temp/alt7752_1001306747486783049.dir/0002_pio_1_gen/ --quartus_dir=C:/intelfpga/17.0/quartus --verilog --config=C:/Users/e47357/AppData/Local/Temp/alt7752_1001306747486783049.dir/0002_pio_1_gen//soc_system_pio_1_component_configuration.pl  --do_build_sim=0  ]
Info: pio_1: Done RTL generation for module 'soc_system_pio_1'
Info: pio_1: "soc_system" instantiated altera_avalon_pio "pio_1"
Info: pio_2: Starting RTL generation for module 'soc_system_pio_2'
Info: pio_2:   Generation command is [exec C:/intelfpga/17.0/quartus/bin64/perl/bin/perl.exe -I C:/intelfpga/17.0/quartus/bin64/perl/lib -I C:/intelfpga/17.0/quartus/sopc_builder/bin/europa -I C:/intelfpga/17.0/quartus/sopc_builder/bin/perl_lib -I C:/intelfpga/17.0/quartus/sopc_builder/bin -I C:/intelfpga/17.0/quartus/../ip/altera/sopc_builder_ip/common -I C:/intelfpga/17.0/quartus/../ip/altera/sopc_builder_ip/altera_avalon_pio -- C:/intelfpga/17.0/quartus/../ip/altera/sopc_builder_ip/altera_avalon_pio/generate_rtl.pl --name=soc_system_pio_2 --dir=C:/Users/e47357/AppData/Local/Temp/alt7752_1001306747486783049.dir/0003_pio_2_gen/ --quartus_dir=C:/intelfpga/17.0/quartus --verilog --config=C:/Users/e47357/AppData/Local/Temp/alt7752_1001306747486783049.dir/0003_pio_2_gen//soc_system_pio_2_component_configuration.pl  --do_build_sim=0  ]
Info: pio_2: Done RTL generation for module 'soc_system_pio_2'
Info: pio_2: "soc_system" instantiated altera_avalon_pio "pio_2"
Info: pio_3: Starting RTL generation for module 'soc_system_pio_3'
Info: pio_3:   Generation command is [exec C:/intelfpga/17.0/quartus/bin64/perl/bin/perl.exe -I C:/intelfpga/17.0/quartus/bin64/perl/lib -I C:/intelfpga/17.0/quartus/sopc_builder/bin/europa -I C:/intelfpga/17.0/quartus/sopc_builder/bin/perl_lib -I C:/intelfpga/17.0/quartus/sopc_builder/bin -I C:/intelfpga/17.0/quartus/../ip/altera/sopc_builder_ip/common -I C:/intelfpga/17.0/quartus/../ip/altera/sopc_builder_ip/altera_avalon_pio -- C:/intelfpga/17.0/quartus/../ip/altera/sopc_builder_ip/altera_avalon_pio/generate_rtl.pl --name=soc_system_pio_3 --dir=C:/Users/e47357/AppData/Local/Temp/alt7752_1001306747486783049.dir/0004_pio_3_gen/ --quartus_dir=C:/intelfpga/17.0/quartus --verilog --config=C:/Users/e47357/AppData/Local/Temp/alt7752_1001306747486783049.dir/0004_pio_3_gen//soc_system_pio_3_component_configuration.pl  --do_build_sim=0  ]
Info: pio_3: Done RTL generation for module 'soc_system_pio_3'
Info: pio_3: "soc_system" instantiated altera_avalon_pio "pio_3"
Info: avalon_st_adapter: Inserting error_adapter: error_adapter_0
Info: avalon_st_adapter_001: Inserting error_adapter: error_adapter_0
Info: avalon_st_adapter_002: Inserting error_adapter: error_adapter_0
Info: avalon_st_adapter_003: Inserting error_adapter: error_adapter_0
Info: mm_interconnect_0: "soc_system" instantiated altera_mm_interconnect "mm_interconnect_0"
Info: rst_controller: "soc_system" instantiated altera_reset_controller "rst_controller"
Info: fpga_interfaces: "hps_0" instantiated altera_interface_generator "fpga_interfaces"
Info: hps_io: "hps_0" instantiated altera_hps_io "hps_io"
Info: pio_0_s1_translator: "mm_interconnect_0" instantiated altera_merlin_slave_translator "pio_0_s1_translator"
Info: hps_0_h2f_lw_axi_master_agent: "mm_interconnect_0" instantiated altera_merlin_axi_master_ni "hps_0_h2f_lw_axi_master_agent"
Info: pio_0_s1_agent: "mm_interconnect_0" instantiated altera_merlin_slave_agent "pio_0_s1_agent"
Info: pio_0_s1_agent_rsp_fifo: "mm_interconnect_0" instantiated altera_avalon_sc_fifo "pio_0_s1_agent_rsp_fifo"
Info: router: "mm_interconnect_0" instantiated altera_merlin_router "router"
Info: router_002: "mm_interconnect_0" instantiated altera_merlin_router "router_002"
Info: hps_0_h2f_lw_axi_master_wr_limiter: "mm_interconnect_0" instantiated altera_merlin_traffic_limiter "hps_0_h2f_lw_axi_master_wr_limiter"
Info: Reusing file C:/QNX7workspace/06CycloneV_QuartusFPGA/soc_system/soc_system/synthesis/submodules/altera_avalon_sc_fifo.v
Info: pio_0_s1_burst_adapter: "mm_interconnect_0" instantiated altera_merlin_burst_adapter "pio_0_s1_burst_adapter"
Info: Reusing file C:/QNX7workspace/06CycloneV_QuartusFPGA/soc_system/soc_system/synthesis/submodules/altera_merlin_address_alignment.sv
Info: Reusing file C:/QNX7workspace/06CycloneV_QuartusFPGA/soc_system/soc_system/synthesis/submodules/altera_avalon_st_pipeline_base.v
Info: cmd_demux: "mm_interconnect_0" instantiated altera_merlin_demultiplexer "cmd_demux"
Info: cmd_mux: "mm_interconnect_0" instantiated altera_merlin_multiplexer "cmd_mux"
Info: rsp_demux: "mm_interconnect_0" instantiated altera_merlin_demultiplexer "rsp_demux"
Info: rsp_mux: "mm_interconnect_0" instantiated altera_merlin_multiplexer "rsp_mux"
Info: Reusing file C:/QNX7workspace/06CycloneV_QuartusFPGA/soc_system/soc_system/synthesis/submodules/altera_merlin_arbitrator.sv
Info: avalon_st_adapter: "mm_interconnect_0" instantiated altera_avalon_st_adapter "avalon_st_adapter"
Info: border: "hps_io" instantiated altera_interface_generator "border"
Info: error_adapter_0: "avalon_st_adapter" instantiated error_adapter "error_adapter_0"
Info: soc_system: Done "soc_system" with 25 modules, 81 files
Info: qsys-generate succeeded.
Info: Finished: Create HDL design files for synthesis
