IP Upgrade report for QNXGPIO
Tue Sep 04 06:26:46 2018
Quartus Prime Version 17.1.0 Build 590 10/25/2017 SJ Lite Edition


---------------------
; Table of Contents ;
---------------------
  1. Legal Notice
  2. IP Upgrade Summary
  3. Successfully Upgraded IP Components
  4. IP Upgrade Messages



----------------
; Legal Notice ;
----------------
Copyright (C) 2017  Intel Corporation. All rights reserved.
Your use of Intel Corporation's design tools, logic functions 
and other software and tools, and its AMPP partner logic 
functions, and any output files from any of the foregoing 
(including device programming or simulation files), and any 
associated documentation or information are expressly subject 
to the terms and conditions of the Intel Program License 
Subscription Agreement, the Intel Quartus Prime License Agreement,
the Intel FPGA IP License Agreement, or other applicable license
agreement, including, without limitation, that your use is for
the sole purpose of programming logic devices manufactured by
Intel and sold by Intel or its authorized distributors.  Please
refer to the applicable agreement for further details.



+----------------------------------------------------------------------------+
; IP Upgrade Summary                                                         ;
+------------------------------+---------------------------------------------+
; IP Components Upgrade Status ; Passed - Tue Sep 04 06:26:46 2018           ;
; Quartus Prime Version        ; 17.1.0 Build 590 10/25/2017 SJ Lite Edition ;
; Revision Name                ; QNXGPIO                                     ;
; Top-level Entity Name        ; QNXGPIO                                     ;
; Family                       ; Cyclone V                                   ;
+------------------------------+---------------------------------------------+


+---------------------------------------------------------------------------------------------------------------------------------------------------------------------------------+
; Successfully Upgraded IP Components                                                                                                                                             ;
+-------------+----------------+---------+------------------------------------------------+----------------------------+------------------------------------------------+---------+
; Entity Name ; Component Name ; Version ; Original Source File                           ; Generation File Path       ; New Source File                                ; Message ;
+-------------+----------------+---------+------------------------------------------------+----------------------------+------------------------------------------------+---------+
; soc_system  ; Qsys           ; 17.0    ; soc_system/soc_system/synthesis/soc_system.qip ; soc_system/soc_system.qsys ; soc_system/soc_system/synthesis/soc_system.qip ;         ;
+-------------+----------------+---------+------------------------------------------------+----------------------------+------------------------------------------------+---------+


+---------------------+
; IP Upgrade Messages ;
+---------------------+
Info (11902): Backing up file "soc_system/soc_system.qsys" to "soc_system/soc_system.BAK.qsys"
Info (11902): Backing up file "soc_system/soc_system/synthesis/soc_system.v" to "soc_system/soc_system.BAK.v"
Info (11837): Started upgrading IP component Qsys with file "soc_system/soc_system.qsys"
Info: 2018.09.04.06:23:37 Info: Starting to upgrade the IP cores in the Platform Designer system
Info: 2018.09.04.06:23:37 Info: Finished upgrading the ip cores
Info: 2018.09.04.06:24:03 Info: Saving generation log to C:/Users/hanum/Desktop/06CycloneV_QuartusFPGA/soc_system/soc_system
Info: 2018.09.04.06:24:03 Info: Starting: Create simulation model
Info: 2018.09.04.06:24:03 Info: qsys-generate C:\Users\hanum\Desktop\06CycloneV_QuartusFPGA\soc_system\soc_system.qsys --simulation=VERILOG --allow-mixed-language-simulation --output-directory=C:\Users\hanum\Desktop\06CycloneV_QuartusFPGA\soc_system\soc_system\simulation --family="Cyclone V" --part=5CSEBA6U23I7DK
Info: 2018.09.04.06:24:03 Info: Loading soc_system
Info: 2018.09.04.06:24:03 Info: Reading input file
Info: 2018.09.04.06:24:03 Info: Adding clk_0 [clock_source 17.1]
Info: 2018.09.04.06:24:03 Info: Parameterizing module clk_0
Info: 2018.09.04.06:24:03 Info: Adding hps_0 [altera_hps 17.1]
Info: 2018.09.04.06:24:03 Info: Parameterizing module hps_0
Info: 2018.09.04.06:24:03 Info: Adding pio_0 [altera_avalon_pio 17.1]
Info: 2018.09.04.06:24:03 Info: Parameterizing module pio_0
Info: 2018.09.04.06:24:03 Info: Adding pio_1 [altera_avalon_pio 17.1]
Info: 2018.09.04.06:24:03 Info: Parameterizing module pio_1
Info: 2018.09.04.06:24:03 Info: Adding pio_2 [altera_avalon_pio 17.1]
Info: 2018.09.04.06:24:03 Info: Parameterizing module pio_2
Info: 2018.09.04.06:24:03 Info: Adding pio_3 [altera_avalon_pio 17.1]
Info: 2018.09.04.06:24:03 Info: Parameterizing module pio_3
Info: 2018.09.04.06:24:03 Info: Building connections
Info: 2018.09.04.06:24:03 Info: Parameterizing connections
Info: 2018.09.04.06:24:03 Info: Validating
Info: 2018.09.04.06:24:13 Info: Done reading input file
Info: 2018.09.04.06:24:17 Info: soc_system.hps_0: HPS Main PLL counter settings: n = 0  m = 63
Info: 2018.09.04.06:24:17 Info: soc_system.hps_0: HPS peripherial PLL counter settings: n = 0  m = 39
Warning: 2018.09.04.06:24:17 Warning: soc_system.hps_0: set_interface_assignment: Interface "hps_io" does not exist
Info: 2018.09.04.06:24:17 Info: soc_system.pio_1: PIO inputs are not hardwired in test bench. Undefined values will be read from PIO inputs during simulation.
Info: 2018.09.04.06:24:17 Info: soc_system.pio_3: PIO inputs are not hardwired in test bench. Undefined values will be read from PIO inputs during simulation.
Info: 2018.09.04.06:24:20 Info: soc_system: Generating soc_system "soc_system" for SIM_VERILOG
Info: 2018.09.04.06:24:36 Info: hps_0: "Running  for module: hps_0"
Info: 2018.09.04.06:24:37 Info: hps_0: HPS Main PLL counter settings: n = 0  m = 63
Info: 2018.09.04.06:24:38 Info: hps_0: HPS peripherial PLL counter settings: n = 0  m = 39
Warning: 2018.09.04.06:24:39 Warning: hps_0: set_interface_assignment: Interface "hps_io" does not exist
Info: 2018.09.04.06:24:40 Info: hps_0: "soc_system" instantiated altera_hps "hps_0"
Info: 2018.09.04.06:24:40 Info: pio_0: Starting RTL generation for module 'soc_system_pio_0'
Info: 2018.09.04.06:24:40 Info: pio_0:   Generation command is [exec C:/intelfpga_lite/17.1/quartus/bin64/perl/bin/perl.exe -I C:/intelfpga_lite/17.1/quartus/bin64/perl/lib -I C:/intelfpga_lite/17.1/quartus/sopc_builder/bin/europa -I C:/intelfpga_lite/17.1/quartus/sopc_builder/bin/perl_lib -I C:/intelfpga_lite/17.1/quartus/sopc_builder/bin -I C:/intelfpga_lite/17.1/quartus/../ip/altera/sopc_builder_ip/common -I C:/intelfpga_lite/17.1/quartus/../ip/altera/sopc_builder_ip/altera_avalon_pio -- C:/intelfpga_lite/17.1/quartus/../ip/altera/sopc_builder_ip/altera_avalon_pio/generate_rtl.pl --name=soc_system_pio_0 --dir=C:/Users/hanum/AppData/Local/Temp/alt7777_5917424456068342988.dir/0002_pio_0_gen/ --quartus_dir=C:/intelfpga_lite/17.1/quartus --verilog --config=C:/Users/hanum/AppData/Local/Temp/alt7777_5917424456068342988.dir/0002_pio_0_gen//soc_system_pio_0_component_configuration.pl  --do_build_sim=1    --sim_dir=C:/Users/hanum/AppData/Local/Temp/alt7777_5917424456068342988.dir/0002_pio_0_gen
Info: 2018.09.04.06:24:42 Info: pio_0: Done RTL generation for module 'soc_system_pio_0'
Info: 2018.09.04.06:24:42 Info: pio_0: "soc_system" instantiated altera_avalon_pio "pio_0"
Info: 2018.09.04.06:24:42 Info: pio_1: Starting RTL generation for module 'soc_system_pio_1'
Info: 2018.09.04.06:24:42 Info: pio_1:   Generation command is [exec C:/intelfpga_lite/17.1/quartus/bin64/perl/bin/perl.exe -I C:/intelfpga_lite/17.1/quartus/bin64/perl/lib -I C:/intelfpga_lite/17.1/quartus/sopc_builder/bin/europa -I C:/intelfpga_lite/17.1/quartus/sopc_builder/bin/perl_lib -I C:/intelfpga_lite/17.1/quartus/sopc_builder/bin -I C:/intelfpga_lite/17.1/quartus/../ip/altera/sopc_builder_ip/common -I C:/intelfpga_lite/17.1/quartus/../ip/altera/sopc_builder_ip/altera_avalon_pio -- C:/intelfpga_lite/17.1/quartus/../ip/altera/sopc_builder_ip/altera_avalon_pio/generate_rtl.pl --name=soc_system_pio_1 --dir=C:/Users/hanum/AppData/Local/Temp/alt7777_5917424456068342988.dir/0003_pio_1_gen/ --quartus_dir=C:/intelfpga_lite/17.1/quartus --verilog --config=C:/Users/hanum/AppData/Local/Temp/alt7777_5917424456068342988.dir/0003_pio_1_gen//soc_system_pio_1_component_configuration.pl  --do_build_sim=1    --sim_dir=C:/Users/hanum/AppData/Local/Temp/alt7777_5917424456068342988.dir/0003_pio_1_gen
Info: 2018.09.04.06:24:42 Info: pio_1: Done RTL generation for module 'soc_system_pio_1'
Info: 2018.09.04.06:24:42 Info: pio_1: "soc_system" instantiated altera_avalon_pio "pio_1"
Info: 2018.09.04.06:24:42 Info: pio_2: Starting RTL generation for module 'soc_system_pio_2'
Info: 2018.09.04.06:24:42 Info: pio_2:   Generation command is [exec C:/intelfpga_lite/17.1/quartus/bin64/perl/bin/perl.exe -I C:/intelfpga_lite/17.1/quartus/bin64/perl/lib -I C:/intelfpga_lite/17.1/quartus/sopc_builder/bin/europa -I C:/intelfpga_lite/17.1/quartus/sopc_builder/bin/perl_lib -I C:/intelfpga_lite/17.1/quartus/sopc_builder/bin -I C:/intelfpga_lite/17.1/quartus/../ip/altera/sopc_builder_ip/common -I C:/intelfpga_lite/17.1/quartus/../ip/altera/sopc_builder_ip/altera_avalon_pio -- C:/intelfpga_lite/17.1/quartus/../ip/altera/sopc_builder_ip/altera_avalon_pio/generate_rtl.pl --name=soc_system_pio_2 --dir=C:/Users/hanum/AppData/Local/Temp/alt7777_5917424456068342988.dir/0004_pio_2_gen/ --quartus_dir=C:/intelfpga_lite/17.1/quartus --verilog --config=C:/Users/hanum/AppData/Local/Temp/alt7777_5917424456068342988.dir/0004_pio_2_gen//soc_system_pio_2_component_configuration.pl  --do_build_sim=1    --sim_dir=C:/Users/hanum/AppData/Local/Temp/alt7777_5917424456068342988.dir/0004_pio_2_gen
Info: 2018.09.04.06:24:43 Info: pio_2: Done RTL generation for module 'soc_system_pio_2'
Info: 2018.09.04.06:24:43 Info: pio_2: "soc_system" instantiated altera_avalon_pio "pio_2"
Info: 2018.09.04.06:24:43 Info: pio_3: Starting RTL generation for module 'soc_system_pio_3'
Info: 2018.09.04.06:24:43 Info: pio_3:   Generation command is [exec C:/intelfpga_lite/17.1/quartus/bin64/perl/bin/perl.exe -I C:/intelfpga_lite/17.1/quartus/bin64/perl/lib -I C:/intelfpga_lite/17.1/quartus/sopc_builder/bin/europa -I C:/intelfpga_lite/17.1/quartus/sopc_builder/bin/perl_lib -I C:/intelfpga_lite/17.1/quartus/sopc_builder/bin -I C:/intelfpga_lite/17.1/quartus/../ip/altera/sopc_builder_ip/common -I C:/intelfpga_lite/17.1/quartus/../ip/altera/sopc_builder_ip/altera_avalon_pio -- C:/intelfpga_lite/17.1/quartus/../ip/altera/sopc_builder_ip/altera_avalon_pio/generate_rtl.pl --name=soc_system_pio_3 --dir=C:/Users/hanum/AppData/Local/Temp/alt7777_5917424456068342988.dir/0005_pio_3_gen/ --quartus_dir=C:/intelfpga_lite/17.1/quartus --verilog --config=C:/Users/hanum/AppData/Local/Temp/alt7777_5917424456068342988.dir/0005_pio_3_gen//soc_system_pio_3_component_configuration.pl  --do_build_sim=1    --sim_dir=C:/Users/hanum/AppData/Local/Temp/alt7777_5917424456068342988.dir/0005_pio_3_gen
Info: 2018.09.04.06:24:43 Info: pio_3: Done RTL generation for module 'soc_system_pio_3'
Info: 2018.09.04.06:24:43 Info: pio_3: "soc_system" instantiated altera_avalon_pio "pio_3"
Info: 2018.09.04.06:24:46 Info: avalon_st_adapter: Inserting error_adapter: error_adapter_0
Info: 2018.09.04.06:24:46 Info: avalon_st_adapter_001: Inserting error_adapter: error_adapter_0
Info: 2018.09.04.06:24:47 Info: avalon_st_adapter_002: Inserting error_adapter: error_adapter_0
Info: 2018.09.04.06:24:47 Info: avalon_st_adapter_003: Inserting error_adapter: error_adapter_0
Info: 2018.09.04.06:24:50 Info: mm_interconnect_0: "soc_system" instantiated altera_mm_interconnect "mm_interconnect_0"
Info: 2018.09.04.06:24:50 Info: rst_controller: "soc_system" instantiated altera_reset_controller "rst_controller"
Info: 2018.09.04.06:24:50 Info: fpga_interfaces: "hps_0" instantiated altera_interface_generator "fpga_interfaces"
Info: 2018.09.04.06:24:52 Info: hps_io: "hps_0" instantiated altera_hps_io "hps_io"
Info: 2018.09.04.06:24:52 Info: pio_0_s1_translator: "mm_interconnect_0" instantiated altera_merlin_slave_translator "pio_0_s1_translator"
Info: 2018.09.04.06:24:52 Info: hps_0_h2f_lw_axi_master_agent: "mm_interconnect_0" instantiated altera_merlin_axi_master_ni "hps_0_h2f_lw_axi_master_agent"
Info: 2018.09.04.06:24:52 Info: pio_0_s1_agent: "mm_interconnect_0" instantiated altera_merlin_slave_agent "pio_0_s1_agent"
Info: 2018.09.04.06:24:52 Info: pio_0_s1_agent_rsp_fifo: "mm_interconnect_0" instantiated altera_avalon_sc_fifo "pio_0_s1_agent_rsp_fifo"
Info: 2018.09.04.06:24:52 Info: router: "mm_interconnect_0" instantiated altera_merlin_router "router"
Info: 2018.09.04.06:24:52 Info: router_002: "mm_interconnect_0" instantiated altera_merlin_router "router_002"
Info: 2018.09.04.06:24:52 Info: hps_0_h2f_lw_axi_master_wr_limiter: "mm_interconnect_0" instantiated altera_merlin_traffic_limiter "hps_0_h2f_lw_axi_master_wr_limiter"
Info: 2018.09.04.06:24:52 Info: Reusing file C:/Users/hanum/Desktop/06CycloneV_QuartusFPGA/soc_system/soc_system/simulation/submodules
Info: 2018.09.04.06:24:52 Info: pio_0_s1_burst_adapter: "mm_interconnect_0" instantiated altera_merlin_burst_adapter "pio_0_s1_burst_adapter"
Info: 2018.09.04.06:24:52 Info: Reusing file C:/Users/hanum/Desktop/06CycloneV_QuartusFPGA/soc_system/soc_system/simulation/submodules
Info: 2018.09.04.06:24:52 Info: Reusing file C:/Users/hanum/Desktop/06CycloneV_QuartusFPGA/soc_system/soc_system/simulation/submodules
Info: 2018.09.04.06:24:52 Info: cmd_demux: "mm_interconnect_0" instantiated altera_merlin_demultiplexer "cmd_demux"
Info: 2018.09.04.06:24:52 Info: cmd_mux: "mm_interconnect_0" instantiated altera_merlin_multiplexer "cmd_mux"
Info: 2018.09.04.06:24:52 Info: rsp_demux: "mm_interconnect_0" instantiated altera_merlin_demultiplexer "rsp_demux"
Info: 2018.09.04.06:24:52 Info: rsp_mux: "mm_interconnect_0" instantiated altera_merlin_multiplexer "rsp_mux"
Info: 2018.09.04.06:24:52 Info: Reusing file C:/Users/hanum/Desktop/06CycloneV_QuartusFPGA/soc_system/soc_system/simulation/submodules
Info: 2018.09.04.06:24:53 Info: avalon_st_adapter: "mm_interconnect_0" instantiated altera_avalon_st_adapter "avalon_st_adapter"
Info: 2018.09.04.06:24:53 Info: border: "hps_io" instantiated altera_interface_generator "border"
Info: 2018.09.04.06:24:53 Info: Reusing file C:/Users/hanum/Desktop/06CycloneV_QuartusFPGA/soc_system/soc_system/simulation/submodules
Info: 2018.09.04.06:24:53 Info: Reusing file C:/Users/hanum/Desktop/06CycloneV_QuartusFPGA/soc_system/soc_system/simulation/submodules
Info: 2018.09.04.06:24:53 Info: Reusing file C:/Users/hanum/Desktop/06CycloneV_QuartusFPGA/soc_system/soc_system/simulation/submodules
Info: 2018.09.04.06:24:53 Info: Reusing file C:/Users/hanum/Desktop/06CycloneV_QuartusFPGA/soc_system/soc_system/simulation/submodules
Info: 2018.09.04.06:24:53 Info: Reusing file C:/Users/hanum/Desktop/06CycloneV_QuartusFPGA/soc_system/soc_system/simulation/submodules
Info: 2018.09.04.06:24:53 Info: Reusing file C:/Users/hanum/Desktop/06CycloneV_QuartusFPGA/soc_system/soc_system/simulation/submodules
Info: 2018.09.04.06:24:53 Info: Reusing file C:/Users/hanum/Desktop/06CycloneV_QuartusFPGA/soc_system/soc_system/simulation/submodules
Info: 2018.09.04.06:24:53 Info: error_adapter_0: "avalon_st_adapter" instantiated error_adapter "error_adapter_0"
Info: 2018.09.04.06:24:53 Info: soc_system: Done "soc_system" with 25 modules, 51 files
Info: 2018.09.04.06:24:53 Info: qsys-generate succeeded.
Info: 2018.09.04.06:24:53 Info: Finished: Create simulation model
Info: 2018.09.04.06:24:53 Info: Starting: Create Modelsim Project.
Info: 2018.09.04.06:24:53 Info: sim-script-gen --spd=C:\Users\hanum\Desktop\06CycloneV_QuartusFPGA\soc_system\soc_system\soc_system.spd --output-directory=C:/Users/hanum/Desktop/06CycloneV_QuartusFPGA/soc_system/soc_system/simulation
Info: 2018.09.04.06:24:53 Info: Doing: ip-make-simscript --spd=C:\Users\hanum\Desktop\06CycloneV_QuartusFPGA\soc_system\soc_system\soc_system.spd --output-directory=C:/Users/hanum/Desktop/06CycloneV_QuartusFPGA/soc_system/soc_system/simulation
Info: 2018.09.04.06:24:55 Info: Generating the following file(s) for MODELSIM simulator in C:/Users/hanum/Desktop/06CycloneV_QuartusFPGA/soc_system/soc_system/simulation
Info: 2018.09.04.06:24:55 Info:     mentor
Info: 2018.09.04.06:24:55 Info: Generating the following file(s) for VCS simulator in C:/Users/hanum/Desktop/06CycloneV_QuartusFPGA/soc_system/soc_system/simulation
Info: 2018.09.04.06:24:55 Info:     synopsys/vcs
Info: 2018.09.04.06:24:55 Info: Generating the following file(s) for VCSMX simulator in C:/Users/hanum/Desktop/06CycloneV_QuartusFPGA/soc_system/soc_system/simulation
Info: 2018.09.04.06:24:55 Info:     synopsys/vcsmx
Info: 2018.09.04.06:24:55 Info:     synopsys/vcsmx
Info: 2018.09.04.06:24:55 Info: Generating the following file(s) for NCSIM simulator in C:/Users/hanum/Desktop/06CycloneV_QuartusFPGA/soc_system/soc_system/simulation
Info: 2018.09.04.06:24:55 Info:     cadence
Info: 2018.09.04.06:24:56 Info:     cadence
Info: 2018.09.04.06:24:56 Info:     cadence
Info: 2018.09.04.06:24:56 Info:     25 .cds.lib files in cadence/cds_libs
Info: 2018.09.04.06:24:56 Info: Generating the following file(s) for RIVIERA simulator in C:/Users/hanum/Desktop/06CycloneV_QuartusFPGA/soc_system/soc_system/simulation
Info: 2018.09.04.06:24:56 Info:     aldec
Info: 2018.09.04.06:24:56 Info: For information on how to simulate your IP, see the explanatory comments in the simulator-specific subdirectories under C:/Users/hanum/Desktop/06CycloneV_QuartusFPGA/soc_system/soc_system/simulation
Info: 2018.09.04.06:24:56 Info: Regenerate these scripts whenever you make any change to any Quartus-generated IP in your project.
Info: 2018.09.04.06:24:56 Info: Finished: Create Modelsim Project.
Info: 2018.09.04.06:24:56 Info: Starting: Create block symbol file (.bsf)
Info: 2018.09.04.06:24:56 Info: qsys-generate C:\Users\hanum\Desktop\06CycloneV_QuartusFPGA\soc_system\soc_system.qsys --block-symbol-file --output-directory=C:\Users\hanum\Desktop\06CycloneV_QuartusFPGA\soc_system\soc_system --family="Cyclone V" --part=5CSEBA6U23I7DK
Info: 2018.09.04.06:24:56 Info: Loading soc_system
Info: 2018.09.04.06:24:56 Info: Reading input file
Info: 2018.09.04.06:24:56 Info: Adding clk_0 [clock_source 17.1]
Info: 2018.09.04.06:24:56 Info: Parameterizing module clk_0
Info: 2018.09.04.06:24:56 Info: Adding hps_0 [altera_hps 17.1]
Info: 2018.09.04.06:24:56 Info: Parameterizing module hps_0
Info: 2018.09.04.06:24:56 Info: Adding pio_0 [altera_avalon_pio 17.1]
Info: 2018.09.04.06:24:56 Info: Parameterizing module pio_0
Info: 2018.09.04.06:24:56 Info: Adding pio_1 [altera_avalon_pio 17.1]
Info: 2018.09.04.06:24:56 Info: Parameterizing module pio_1
Info: 2018.09.04.06:24:56 Info: Adding pio_2 [altera_avalon_pio 17.1]
Info: 2018.09.04.06:24:56 Info: Parameterizing module pio_2
Info: 2018.09.04.06:24:56 Info: Adding pio_3 [altera_avalon_pio 17.1]
Info: 2018.09.04.06:24:56 Info: Parameterizing module pio_3
Info: 2018.09.04.06:24:56 Info: Building connections
Info: 2018.09.04.06:24:56 Info: Parameterizing connections
Info: 2018.09.04.06:24:56 Info: Validating
Info: 2018.09.04.06:25:07 Info: Done reading input file
Info: 2018.09.04.06:25:10 Info: soc_system.hps_0: HPS Main PLL counter settings: n = 0  m = 63
Info: 2018.09.04.06:25:10 Info: soc_system.hps_0: HPS peripherial PLL counter settings: n = 0  m = 39
Warning: 2018.09.04.06:25:10 Warning: soc_system.hps_0: set_interface_assignment: Interface "hps_io" does not exist
Info: 2018.09.04.06:25:10 Info: soc_system.pio_1: PIO inputs are not hardwired in test bench. Undefined values will be read from PIO inputs during simulation.
Info: 2018.09.04.06:25:10 Info: soc_system.pio_3: PIO inputs are not hardwired in test bench. Undefined values will be read from PIO inputs during simulation.
Info: 2018.09.04.06:25:11 Info: qsys-generate succeeded.
Info: 2018.09.04.06:25:11 Info: Finished: Create block symbol file (.bsf)
Info: 2018.09.04.06:25:11 Info:
Info: 2018.09.04.06:25:11 Info: Starting: Create HDL design files for synthesis
Info: 2018.09.04.06:25:11 Info: qsys-generate C:\Users\hanum\Desktop\06CycloneV_QuartusFPGA\soc_system\soc_system.qsys --synthesis=VERILOG --output-directory=C:\Users\hanum\Desktop\06CycloneV_QuartusFPGA\soc_system\soc_system\synthesis --family="Cyclone V" --part=5CSEBA6U23I7DK
Info: 2018.09.04.06:25:11 Info: Loading soc_system
Info: 2018.09.04.06:25:11 Info: Reading input file
Info: 2018.09.04.06:25:11 Info: Adding clk_0 [clock_source 17.1]
Info: 2018.09.04.06:25:11 Info: Parameterizing module clk_0
Info: 2018.09.04.06:25:11 Info: Adding hps_0 [altera_hps 17.1]
Info: 2018.09.04.06:25:11 Info: Parameterizing module hps_0
Info: 2018.09.04.06:25:11 Info: Adding pio_0 [altera_avalon_pio 17.1]
Info: 2018.09.04.06:25:11 Info: Parameterizing module pio_0
Info: 2018.09.04.06:25:11 Info: Adding pio_1 [altera_avalon_pio 17.1]
Info: 2018.09.04.06:25:11 Info: Parameterizing module pio_1
Info: 2018.09.04.06:25:11 Info: Adding pio_2 [altera_avalon_pio 17.1]
Info: 2018.09.04.06:25:11 Info: Parameterizing module pio_2
Info: 2018.09.04.06:25:11 Info: Adding pio_3 [altera_avalon_pio 17.1]
Info: 2018.09.04.06:25:11 Info: Parameterizing module pio_3
Info: 2018.09.04.06:25:11 Info: Building connections
Info: 2018.09.04.06:25:11 Info: Parameterizing connections
Info: 2018.09.04.06:25:11 Info: Validating
Info: 2018.09.04.06:25:22 Info: Done reading input file
Info: 2018.09.04.06:25:25 Info: soc_system.hps_0: HPS Main PLL counter settings: n = 0  m = 63
Info: 2018.09.04.06:25:25 Info: soc_system.hps_0: HPS peripherial PLL counter settings: n = 0  m = 39
Warning: 2018.09.04.06:25:25 Warning: soc_system.hps_0: set_interface_assignment: Interface "hps_io" does not exist
Info: 2018.09.04.06:25:25 Info: soc_system.pio_1: PIO inputs are not hardwired in test bench. Undefined values will be read from PIO inputs during simulation.
Info: 2018.09.04.06:25:25 Info: soc_system.pio_3: PIO inputs are not hardwired in test bench. Undefined values will be read from PIO inputs during simulation.
Info: 2018.09.04.06:25:30 Info: soc_system: Generating soc_system "soc_system" for QUARTUS_SYNTH
Info: 2018.09.04.06:25:41 Info: hps_0: "Running  for module: hps_0"
Info: 2018.09.04.06:25:42 Info: hps_0: HPS Main PLL counter settings: n = 0  m = 63
Info: 2018.09.04.06:25:43 Info: hps_0: HPS peripherial PLL counter settings: n = 0  m = 39
Warning: 2018.09.04.06:25:43 Warning: hps_0: set_interface_assignment: Interface "hps_io" does not exist
Info: 2018.09.04.06:25:45 Info: hps_0: "soc_system" instantiated altera_hps "hps_0"
Info: 2018.09.04.06:25:45 Info: pio_0: Starting RTL generation for module 'soc_system_pio_0'
Info: 2018.09.04.06:25:45 Info: pio_0:   Generation command is [exec C:/intelfpga_lite/17.1/quartus/bin64/perl/bin/perl.exe -I C:/intelfpga_lite/17.1/quartus/bin64/perl/lib -I C:/intelfpga_lite/17.1/quartus/sopc_builder/bin/europa -I C:/intelfpga_lite/17.1/quartus/sopc_builder/bin/perl_lib -I C:/intelfpga_lite/17.1/quartus/sopc_builder/bin -I C:/intelfpga_lite/17.1/quartus/../ip/altera/sopc_builder_ip/common -I C:/intelfpga_lite/17.1/quartus/../ip/altera/sopc_builder_ip/altera_avalon_pio -- C:/intelfpga_lite/17.1/quartus/../ip/altera/sopc_builder_ip/altera_avalon_pio/generate_rtl.pl --name=soc_system_pio_0 --dir=C:/Users/hanum/AppData/Local/Temp/alt7777_5917424456068342988.dir/0023_pio_0_gen/ --quartus_dir=C:/intelfpga_lite/17.1/quartus --verilog --config=C:/Users/hanum/AppData/Local/Temp/alt7777_5917424456068342988.dir/0023_pio_0_gen/
Info: 2018.09.04.06:25:45 Info: pio_0: Done RTL generation for module 'soc_system_pio_0'
Info: 2018.09.04.06:25:45 Info: pio_0: "soc_system" instantiated altera_avalon_pio "pio_0"
Info: 2018.09.04.06:25:45 Info: pio_1: Starting RTL generation for module 'soc_system_pio_1'
Info: 2018.09.04.06:25:45 Info: pio_1:   Generation command is [exec C:/intelfpga_lite/17.1/quartus/bin64/perl/bin/perl.exe -I C:/intelfpga_lite/17.1/quartus/bin64/perl/lib -I C:/intelfpga_lite/17.1/quartus/sopc_builder/bin/europa -I C:/intelfpga_lite/17.1/quartus/sopc_builder/bin/perl_lib -I C:/intelfpga_lite/17.1/quartus/sopc_builder/bin -I C:/intelfpga_lite/17.1/quartus/../ip/altera/sopc_builder_ip/common -I C:/intelfpga_lite/17.1/quartus/../ip/altera/sopc_builder_ip/altera_avalon_pio -- C:/intelfpga_lite/17.1/quartus/../ip/altera/sopc_builder_ip/altera_avalon_pio/generate_rtl.pl --name=soc_system_pio_1 --dir=C:/Users/hanum/AppData/Local/Temp/alt7777_5917424456068342988.dir/0024_pio_1_gen/ --quartus_dir=C:/intelfpga_lite/17.1/quartus --verilog --config=C:/Users/hanum/AppData/Local/Temp/alt7777_5917424456068342988.dir/0024_pio_1_gen/
Info: 2018.09.04.06:25:46 Info: pio_1: Done RTL generation for module 'soc_system_pio_1'
Info: 2018.09.04.06:25:46 Info: pio_1: "soc_system" instantiated altera_avalon_pio "pio_1"
Info: 2018.09.04.06:25:46 Info: pio_2: Starting RTL generation for module 'soc_system_pio_2'
Info: 2018.09.04.06:25:46 Info: pio_2:   Generation command is [exec C:/intelfpga_lite/17.1/quartus/bin64/perl/bin/perl.exe -I C:/intelfpga_lite/17.1/quartus/bin64/perl/lib -I C:/intelfpga_lite/17.1/quartus/sopc_builder/bin/europa -I C:/intelfpga_lite/17.1/quartus/sopc_builder/bin/perl_lib -I C:/intelfpga_lite/17.1/quartus/sopc_builder/bin -I C:/intelfpga_lite/17.1/quartus/../ip/altera/sopc_builder_ip/common -I C:/intelfpga_lite/17.1/quartus/../ip/altera/sopc_builder_ip/altera_avalon_pio -- C:/intelfpga_lite/17.1/quartus/../ip/altera/sopc_builder_ip/altera_avalon_pio/generate_rtl.pl --name=soc_system_pio_2 --dir=C:/Users/hanum/AppData/Local/Temp/alt7777_5917424456068342988.dir/0025_pio_2_gen/ --quartus_dir=C:/intelfpga_lite/17.1/quartus --verilog --config=C:/Users/hanum/AppData/Local/Temp/alt7777_5917424456068342988.dir/0025_pio_2_gen/
Info: 2018.09.04.06:25:46 Info: pio_2: Done RTL generation for module 'soc_system_pio_2'
Info: 2018.09.04.06:25:46 Info: pio_2: "soc_system" instantiated altera_avalon_pio "pio_2"
Info: 2018.09.04.06:25:46 Info: pio_3: Starting RTL generation for module 'soc_system_pio_3'
Info: 2018.09.04.06:25:46 Info: pio_3:   Generation command is [exec C:/intelfpga_lite/17.1/quartus/bin64/perl/bin/perl.exe -I C:/intelfpga_lite/17.1/quartus/bin64/perl/lib -I C:/intelfpga_lite/17.1/quartus/sopc_builder/bin/europa -I C:/intelfpga_lite/17.1/quartus/sopc_builder/bin/perl_lib -I C:/intelfpga_lite/17.1/quartus/sopc_builder/bin -I C:/intelfpga_lite/17.1/quartus/../ip/altera/sopc_builder_ip/common -I C:/intelfpga_lite/17.1/quartus/../ip/altera/sopc_builder_ip/altera_avalon_pio -- C:/intelfpga_lite/17.1/quartus/../ip/altera/sopc_builder_ip/altera_avalon_pio/generate_rtl.pl --name=soc_system_pio_3 --dir=C:/Users/hanum/AppData/Local/Temp/alt7777_5917424456068342988.dir/0026_pio_3_gen/ --quartus_dir=C:/intelfpga_lite/17.1/quartus --verilog --config=C:/Users/hanum/AppData/Local/Temp/alt7777_5917424456068342988.dir/0026_pio_3_gen/
Info: 2018.09.04.06:25:46 Info: pio_3: Done RTL generation for module 'soc_system_pio_3'
Info: 2018.09.04.06:25:46 Info: pio_3: "soc_system" instantiated altera_avalon_pio "pio_3"
Info: 2018.09.04.06:25:48 Info: avalon_st_adapter: Inserting error_adapter: error_adapter_0
Info: 2018.09.04.06:25:48 Info: avalon_st_adapter_001: Inserting error_adapter: error_adapter_0
Info: 2018.09.04.06:25:49 Info: avalon_st_adapter_002: Inserting error_adapter: error_adapter_0
Info: 2018.09.04.06:25:49 Info: avalon_st_adapter_003: Inserting error_adapter: error_adapter_0
Info: 2018.09.04.06:25:51 Info: mm_interconnect_0: "soc_system" instantiated altera_mm_interconnect "mm_interconnect_0"
Info: 2018.09.04.06:25:51 Info: rst_controller: "soc_system" instantiated altera_reset_controller "rst_controller"
Info: 2018.09.04.06:25:51 Info: fpga_interfaces: "hps_0" instantiated altera_interface_generator "fpga_interfaces"
Info: 2018.09.04.06:25:51 Info: hps_io: "hps_0" instantiated altera_hps_io "hps_io"
Info: 2018.09.04.06:25:51 Info: pio_0_s1_translator: "mm_interconnect_0" instantiated altera_merlin_slave_translator "pio_0_s1_translator"
Info: 2018.09.04.06:25:51 Info: hps_0_h2f_lw_axi_master_agent: "mm_interconnect_0" instantiated altera_merlin_axi_master_ni "hps_0_h2f_lw_axi_master_agent"
Info: 2018.09.04.06:25:51 Info: pio_0_s1_agent: "mm_interconnect_0" instantiated altera_merlin_slave_agent "pio_0_s1_agent"
Info: 2018.09.04.06:25:51 Info: pio_0_s1_agent_rsp_fifo: "mm_interconnect_0" instantiated altera_avalon_sc_fifo "pio_0_s1_agent_rsp_fifo"
Info: 2018.09.04.06:25:51 Info: router: "mm_interconnect_0" instantiated altera_merlin_router "router"
Info: 2018.09.04.06:25:51 Info: router_002: "mm_interconnect_0" instantiated altera_merlin_router "router_002"
Info: 2018.09.04.06:25:51 Info: hps_0_h2f_lw_axi_master_wr_limiter: "mm_interconnect_0" instantiated altera_merlin_traffic_limiter "hps_0_h2f_lw_axi_master_wr_limiter"
Info: 2018.09.04.06:25:51 Info: Reusing file C:/Users/hanum/Desktop/06CycloneV_QuartusFPGA/soc_system/soc_system/synthesis/submodules
Info: 2018.09.04.06:25:51 Info: pio_0_s1_burst_adapter: "mm_interconnect_0" instantiated altera_merlin_burst_adapter "pio_0_s1_burst_adapter"
Info: 2018.09.04.06:25:52 Info: Reusing file C:/Users/hanum/Desktop/06CycloneV_QuartusFPGA/soc_system/soc_system/synthesis/submodules
Info: 2018.09.04.06:25:52 Info: Reusing file C:/Users/hanum/Desktop/06CycloneV_QuartusFPGA/soc_system/soc_system/synthesis/submodules
Info: 2018.09.04.06:25:52 Info: cmd_demux: "mm_interconnect_0" instantiated altera_merlin_demultiplexer "cmd_demux"
Info: 2018.09.04.06:25:52 Info: cmd_mux: "mm_interconnect_0" instantiated altera_merlin_multiplexer "cmd_mux"
Info: 2018.09.04.06:25:52 Info: rsp_demux: "mm_interconnect_0" instantiated altera_merlin_demultiplexer "rsp_demux"
Info: 2018.09.04.06:25:52 Info: rsp_mux: "mm_interconnect_0" instantiated altera_merlin_multiplexer "rsp_mux"
Info: 2018.09.04.06:25:52 Info: Reusing file C:/Users/hanum/Desktop/06CycloneV_QuartusFPGA/soc_system/soc_system/synthesis/submodules
Info: 2018.09.04.06:25:52 Info: avalon_st_adapter: "mm_interconnect_0" instantiated altera_avalon_st_adapter "avalon_st_adapter"
Info: 2018.09.04.06:26:28 Info: border: "hps_io" instantiated altera_interface_generator "border"
Info: 2018.09.04.06:26:28 Info: error_adapter_0: "avalon_st_adapter" instantiated error_adapter "error_adapter_0"
Info: 2018.09.04.06:26:28 Info: soc_system: Done "soc_system" with 25 modules, 81 files
Info: 2018.09.04.06:26:29 Info: qsys-generate succeeded.
Info: 2018.09.04.06:26:29 Info: Finished: Create HDL design files for synthesis
Info (11131): Completed upgrading IP component Qsys with file "soc_system/soc_system.qsys"
Info (23030): Evaluation of Tcl script c:/intelfpga_lite/17.1/quartus/common/tcl/internal/ip_regen/ip_regen.tcl was successful
Info: Quartus Prime Shell was successful. 0 errors, 5 warnings
    Info: Peak virtual memory: 4877 megabytes
    Info: Processing ended: Tue Sep 04 06:27:01 2018
    Info: Elapsed time: 00:04:25
    Info: Total CPU time (on all processors): 00:06:49


